{
  "stats": {
    "suites": 1,
    "tests": 6,
    "passes": 6,
    "pending": 0,
    "failures": 0,
    "start": "2024-10-28T20:39:37.476Z",
    "end": "2024-10-28T20:40:20.207Z",
    "duration": 42731,
    "testsRegistered": 6,
    "passPercent": 100,
    "pendingPercent": 0,
    "other": 0,
    "hasOther": false,
    "skipped": 0,
    "hasSkipped": false
  },
  "results": [
    {
      "uuid": "1065b8fd-85e4-4b87-b02a-7113119069e4",
      "title": "",
      "fullFile": "C:\\Users\\Bruno\\Desktop\\automacao-webdriver-codeceptjs\\steps\\login_test.js",
      "file": "\\steps\\login_test.js",
      "beforeHooks": [],
      "afterHooks": [],
      "tests": [],
      "suites": [
        {
          "uuid": "776cd5a3-25a2-4437-8dd2-9fff3846f39c",
          "title": "login",
          "fullFile": "C:\\Users\\Bruno\\Desktop\\automacao-webdriver-codeceptjs\\steps\\login_test.js",
          "file": "\\steps\\login_test.js",
          "beforeHooks": [
            {
              "title": "\"before all\" hook: codeceptjs.beforeSuite in \"login\"",
              "fullTitle": "login \"before all\" hook: codeceptjs.beforeSuite in \"login\"",
              "timedOut": false,
              "duration": 233,
              "state": null,
              "speed": null,
              "pass": false,
              "fail": false,
              "pending": false,
              "context": null,
              "code": "scenario.suiteSetup(suite)",
              "err": {},
              "uuid": "e4321a0a-55f8-45dc-999c-3e7d8fd45d04",
              "parentUUID": "776cd5a3-25a2-4437-8dd2-9fff3846f39c",
              "isHook": true,
              "skipped": false
            },
            {
              "title": "\"before each\" hook: codeceptjs.before in \"login\"",
              "fullTitle": "login \"before each\" hook: codeceptjs.before in \"login\"",
              "timedOut": false,
              "duration": 169,
              "state": null,
              "speed": null,
              "pass": false,
              "fail": false,
              "pending": false,
              "context": null,
              "code": "scenario.setup(suite)",
              "err": {},
              "uuid": "608ebbe6-2a86-4807-a26a-691b5832f3f8",
              "parentUUID": "776cd5a3-25a2-4437-8dd2-9fff3846f39c",
              "isHook": true,
              "skipped": false
            },
            {
              "title": "\"before each\" hook: Before in \"login\"",
              "fullTitle": "login \"before each\" hook: Before in \"login\"",
              "timedOut": false,
              "duration": 573,
              "state": null,
              "speed": null,
              "pass": false,
              "fail": false,
              "pending": false,
              "context": null,
              "code": "I }) => {\n    await I.amOnPage('/'); // Navega para a página inicial antes de cada teste",
              "err": {},
              "uuid": "a0f7c3f8-49df-45ba-abc2-7e73bd2b0f29",
              "parentUUID": "776cd5a3-25a2-4437-8dd2-9fff3846f39c",
              "isHook": true,
              "skipped": false
            }
          ],
          "afterHooks": [
            {
              "title": "\"after all\" hook: codeceptjs.afterSuite in \"login\"",
              "fullTitle": "login \"after all\" hook: codeceptjs.afterSuite in \"login\"",
              "timedOut": false,
              "duration": 1,
              "state": null,
              "speed": null,
              "pass": false,
              "fail": false,
              "pending": false,
              "context": null,
              "code": "scenario.suiteTeardown(suite)",
              "err": {},
              "uuid": "a24541d9-7650-4c83-8b88-cd57934069ae",
              "parentUUID": "776cd5a3-25a2-4437-8dd2-9fff3846f39c",
              "isHook": true,
              "skipped": false
            },
            {
              "title": "\"after each\" hook: finalize codeceptjs in \"login\"",
              "fullTitle": "login \"after each\" hook: finalize codeceptjs in \"login\"",
              "timedOut": false,
              "duration": 26,
              "state": null,
              "speed": null,
              "pass": false,
              "fail": false,
              "pending": false,
              "context": null,
              "code": "scenario.teardown(suite)",
              "err": {},
              "uuid": "2b11f8ac-e979-455d-bdb7-9beca36de3a2",
              "parentUUID": "776cd5a3-25a2-4437-8dd2-9fff3846f39c",
              "isHook": true,
              "skipped": false
            }
          ],
          "tests": [
            {
              "title": "Teste login com sucesso",
              "fullTitle": "login: Teste login com sucesso",
              "timedOut": false,
              "duration": 10281,
              "state": "passed",
              "speed": "slow",
              "pass": true,
              "fail": false,
              "pending": false,
              "context": null,
              "code": "user_login, login_page,  }) => {\n    \n    I.wait(2)\n    //Accessar área de Login\n    login_page.loginPageAccess();\n    //logar com user\n   user_login.userCreatedLogin(faker.internet.email(), faker.internet.password({length: 6}))\n   //botao de entrar\n    user_login.logBut();\n    //teste login com sucesso\n    I.see('Login realizado', '#swal2-title');",
              "err": {},
              "uuid": "0aaaf7be-4490-4d1e-8b87-1ab82068e222",
              "parentUUID": "776cd5a3-25a2-4437-8dd2-9fff3846f39c",
              "isHook": false,
              "skipped": false
            },
            {
              "title": "Teste login com sucesso com auto login",
              "fullTitle": "login: Teste login com sucesso com auto login",
              "timedOut": false,
              "duration": 5947,
              "state": "passed",
              "speed": "slow",
              "pass": true,
              "fail": false,
              "pending": false,
              "context": null,
              "code": "login  }) => {\n    await login('user')",
              "err": {},
              "uuid": "63fbd3d7-4bad-45d3-9049-2d2ecbac8418",
              "parentUUID": "776cd5a3-25a2-4437-8dd2-9fff3846f39c",
              "isHook": false,
              "skipped": false
            },
            {
              "title": "Teste login sem preencher dados",
              "fullTitle": "login: Teste login sem preencher dados",
              "timedOut": false,
              "duration": 7142,
              "state": "passed",
              "speed": "slow",
              "pass": true,
              "fail": false,
              "pending": false,
              "context": null,
              "code": "I,user_login, login_page }) => {\n    //Accessar área de Login\n    login_page.loginPageAccess();\n    //tentar logar com user\n    user_login.userFail(faker.internet.email())\n    //botão de entrar\n    user_login.logBut();\n    //checar senha invalida\n    I.see('Senha inválida.')",
              "err": {},
              "uuid": "269e1726-f4a9-434b-aa71-b45166103270",
              "parentUUID": "776cd5a3-25a2-4437-8dd2-9fff3846f39c",
              "isHook": false,
              "skipped": false
            },
            {
              "title": "Teste login sem senha preenchida",
              "fullTitle": "login: Teste login sem senha preenchida",
              "timedOut": false,
              "duration": 3530,
              "state": "passed",
              "speed": "slow",
              "pass": true,
              "fail": false,
              "pending": false,
              "context": null,
              "code": "I,user_login, login_page }) => {\n     //Accessar área de Login\n     login_page.loginPageAccess();\n      //tentar logar com user\n    user_login.passFail(faker.internet.password({length: 6}))\n    //botão de entrar\n    user_login.logBut();\n    \n    I.see('E-mail inválido.')",
              "err": {},
              "uuid": "35b460e8-c982-409b-9600-89a8a9e6f651",
              "parentUUID": "776cd5a3-25a2-4437-8dd2-9fff3846f39c",
              "isHook": false,
              "skipped": false
            },
            {
              "title": "Teste validação tela de login",
              "fullTitle": "login: Teste validação tela de login",
              "timedOut": false,
              "duration": 6255,
              "state": "passed",
              "speed": "slow",
              "pass": true,
              "fail": false,
              "pending": false,
              "context": null,
              "code": "I }) => {\n    I.amOnPage('https://automationpratice.com.br/')\n    I.click('Login')\n    var title = await I.grabTextFrom('.account_form h3')\n    validacao.equal(title, 'Login')\n    I.wait(5);",
              "err": {},
              "uuid": "cccc00fd-7ecb-424b-ac08-d0f19bf98371",
              "parentUUID": "776cd5a3-25a2-4437-8dd2-9fff3846f39c",
              "isHook": false,
              "skipped": false
            },
            {
              "title": "Teste login preencher dados @teste1",
              "fullTitle": "login: Teste login preencher dados @teste1",
              "timedOut": false,
              "duration": 3033,
              "state": "passed",
              "speed": "slow",
              "pass": true,
              "fail": false,
              "pending": false,
              "context": null,
              "code": "I,user_login, login_page }) => {\n     //Accessar área de Login\n     login_page.loginPageAccess();\n    //botão de entrar\n    user_login.logBut();\n    \n    I.see('E-mail inválido.')",
              "err": {},
              "uuid": "3a4897f0-1b76-4e9e-b912-7bf3b62fbe83",
              "parentUUID": "776cd5a3-25a2-4437-8dd2-9fff3846f39c",
              "isHook": false,
              "skipped": false
            }
          ],
          "suites": [],
          "passes": [
            "0aaaf7be-4490-4d1e-8b87-1ab82068e222",
            "63fbd3d7-4bad-45d3-9049-2d2ecbac8418",
            "269e1726-f4a9-434b-aa71-b45166103270",
            "35b460e8-c982-409b-9600-89a8a9e6f651",
            "cccc00fd-7ecb-424b-ac08-d0f19bf98371",
            "3a4897f0-1b76-4e9e-b912-7bf3b62fbe83"
          ],
          "failures": [],
          "pending": [],
          "skipped": [],
          "duration": 36188,
          "root": false,
          "rootEmpty": false,
          "_timeout": 0
        }
      ],
      "passes": [],
      "failures": [],
      "pending": [],
      "skipped": [],
      "duration": 0,
      "root": true,
      "rootEmpty": true,
      "_timeout": 0
    }
  ],
  "meta": {
    "mocha": {
      "version": "10.7.3"
    },
    "mochawesome": {
      "options": {
        "quiet": false,
        "reportFilename": "mochawesome",
        "saveHtml": true,
        "saveJson": true,
        "consoleReporter": "spec",
        "useInlineDiffs": false,
        "code": true
      },
      "version": "7.1.3"
    },
    "marge": {
      "options": {},
      "version": "6.2.0"
    }
  }
}